\BOOKMARK [1][-]{section*.2}{\376\377\0001\000.\000\040\000W\000s\000t\001\031\000p}{}% 1
\BOOKMARK [2][-]{section*.3}{\376\377\0001\000.\0001\000\040\000C\000e\000l\000\040\000p\000r\000o\000j\000e\000k\000t\000u}{section*.2}% 2
\BOOKMARK [2][-]{section*.4}{\376\377\0001\000.\0001\000\040\000C\000e\000l\000\040\000g\000r\000y}{section*.2}% 3
\BOOKMARK [2][-]{section*.5}{\376\377\0001\000.\0002\000\040\000Z\000a\000s\000a\000d\000y\000\040\000g\000r\000y}{section*.2}% 4
\BOOKMARK [1][-]{section*.6}{\376\377\0002\000.\000\040\000E\000l\000e\000m\000e\000n\000t\000y\000\040\000I\000n\000t\000e\000r\000f\000e\000j\000s\000u\000\040\000g\000r\000a\000f\000i\000c\000z\000n\000e\000g\000o}{}% 5
\BOOKMARK [2][-]{section*.7}{\376\377\0002\000.\0001\000\040\000O\000k\000n\000o\000\040\000g\001\102\000\363\000w\000n\000e}{section*.6}% 6
\BOOKMARK [2][-]{section*.8}{\376\377\0002\000.\0002\000\040\000P\000o\000l\000e\000\040\000z\000g\000a\000d\000y\000w\000a\000n\000e\000g\000o\000\040\000s\001\102\000o\000w\000a}{section*.6}% 7
\BOOKMARK [2][-]{section*.9}{\376\377\0002\000.\0003\000\040\000K\000a\000t\000e\000g\000o\000r\000i\000a}{section*.6}% 8
\BOOKMARK [2][-]{section*.10}{\376\377\0002\000.\0004\000\040\000L\000l\000i\000c\000z\000b\000a\000\040\000p\000u\000n\000k\000t\000\363\000w}{section*.6}% 9
\BOOKMARK [2][-]{section*.11}{\376\377\0002\000.\0005\000\040\000O\000b\000s\000z\000a\000r\000\040\000r\000y\000s\000o\000w\000a\000n\000i\000a\000\040\000p\000o\000s\000t\000a\000c\000i\000\040\000w\000i\000s\000i\000e\000l\000c\000a}{section*.6}% 10
\BOOKMARK [2][-]{section*.12}{\376\377\0002\000.\0006\000\040\000P\000r\000z\000y\000c\000i\000s\000k\000\040\000p\000o\000d\000p\000o\000w\000i\000e\000d\000z\000i}{section*.6}% 11
\BOOKMARK [2][-]{section*.13}{\376\377\0002\000.\0007\000\040\000P\000o\000l\000e\000\040\000d\000o\000\040\000w\000p\000i\000s\000y\000w\000a\000n\000i\000a\000\040\000p\000o\000d\000p\000o\000w\000i\000e\000d\000z\000i}{section*.6}% 12
\BOOKMARK [2][-]{section*.14}{\376\377\0002\000.\0008\000\040\000L\000i\000s\000t\000a\000\040\000u\001\174\000y\000t\000y\000c\000h\000\040\000l\000i\000t\000e\000r}{section*.6}% 13
\BOOKMARK [2][-]{section*.15}{\376\377\0002\000.\0009\000\040\000W\000y\001\133\000w\000i\000e\000t\000l\000a\000n\000i\000e\000\040\000p\000u\000c\000h\000a\000r\000u\000\040\000i\000\040\000l\000i\000c\000z\000b\000y\000\040\000z\000w\000y\000c\000i\001\031\000s\000t\000w}{section*.6}% 14
\BOOKMARK [2][-]{section*.16}{\376\377\0002\000.\0001\0000\000\040\000P\000r\000z\000y\000c\000i\000s\000k\000\040\000"\000n\000o\000w\000e\000\040\000s\001\102\000o\000w\000o\000"}{section*.6}% 15
\BOOKMARK [1][-]{section*.18}{\376\377\0003\000.\000\040\000R\000o\000z\000g\000r\000y\000w\000k\000a}{}% 16
\BOOKMARK [2][-]{section*.19}{\376\377\0003\000.\0001\000\040\000R\000o\000z\000p\000o\000c\000z\001\031\000c\000i\000e\000\040\000g\000r\000y}{section*.18}% 17
\BOOKMARK [2][-]{section*.21}{\376\377\0003\000.\0002\000\040\000Z\000g\000a\000d\000y\000w\000a\000n\000i\000e\000\040\000l\000i\000t\000e\000r}{section*.18}% 18
\BOOKMARK [2][-]{section*.26}{\376\377\0003\000.\0003\000\040\000W\000y\001\133\000w\000i\000e\000t\000l\000e\000n\000i\000e\000\040\000p\000o\000d\000p\000o\000w\000i\000e\000d\000z\000i}{section*.18}% 19
\BOOKMARK [2][-]{section*.28}{\376\377\0003\000.\0004\000\040\000Z\000g\000a\000d\000y\000w\000a\000n\000i\000e\000\040\000l\000i\000t\000e\000r}{section*.18}% 20
\BOOKMARK [2][-]{section*.37}{\376\377\0003\000.\0005\000\040\000P\000o\000r\000a\001\174\000k\000a}{section*.18}% 21
\BOOKMARK [1][-]{section*.39}{\376\377\0003\000.\000\040\000S\000t\000r\000u\000k\000t\000u\000r\000a\000\040\000k\000o\000d\000u}{}% 22
\BOOKMARK [2][-]{section*.40}{\376\377\0003\000.\0001\000\040\000P\000l\000i\000k\000\040\000w\000i\000s\000i\000e\000l\000e\000c\000M\000a\000i\000n\000.\000h}{section*.39}% 23
\BOOKMARK [2][-]{section*.41}{\376\377\0003\000.\0002\000.\000\040\000P\000l\000i\000k\000\040\000w\000i\000s\000i\000e\000l\000e\000c\000M\000a\000i\000n\000.\000c\000p\000p}{section*.39}% 24
\BOOKMARK [1][-]{section*.42}{\376\377\0004\000.\000\040\000P\000o\000d\000z\000i\000a\001\102\000\040\000p\000r\000a\000c\000y}{}% 25
\BOOKMARK [1][-]{section*.43}{\376\377\0005\000.\000\040\000I\000n\000s\000t\000r\000u\000k\000c\000j\000a\000\040\000i\000n\000s\000t\000a\000l\000a\000c\000j\000i}{}% 26
\BOOKMARK [1][-]{section*.44}{\376\377\0006\000.\000\040\000P\000o\000d\000s\000u\000m\000o\000w\000a\000n\000i\000e}{}% 27
